-- Install configuration: ""
-- Execute custom install script
[33mCMake Warning (dev) at ament_cmake_symlink_install/ament_cmake_symlink_install.cmake:62 (file):
  Policy CMP0009 is not set: FILE GLOB_RECURSE calls should not follow
  symlinks by default.  Run "cmake --help-policy CMP0009" for policy details.
  Use the cmake_policy command to set the policy and suppress this warning.
Call Stack (most recent call first):
  ament_cmake_symlink_install/ament_cmake_symlink_install.cmake:314 (ament_cmake_symlink_install_directory)
  cmake_install.cmake:46 (include)
This warning is for project developers.  Use -Wno-dev to suppress it.
[0m
-- Up-to-date symlink: /home/shesha/robot_ws/install/td3/share/td3//launch/build/.built_by
-- Up-to-date symlink: /home/shesha/robot_ws/install/td3/share/td3//launch/build/COLCON_IGNORE
-- Up-to-date symlink: /home/shesha/robot_ws/install/td3/share/td3//launch/install/.colcon_install_layout
-- Up-to-date symlink: /home/shesha/robot_ws/install/td3/share/td3//launch/install/COLCON_IGNORE
-- Up-to-date symlink: /home/shesha/robot_ws/install/td3/share/td3//launch/install/_local_setup_util_ps1.py
-- Up-to-date symlink: /home/shesha/robot_ws/install/td3/share/td3//launch/install/_local_setup_util_sh.py
-- Up-to-date symlink: /home/shesha/robot_ws/install/td3/share/td3//launch/install/local_setup.bash
-- Up-to-date symlink: /home/shesha/robot_ws/install/td3/share/td3//launch/install/local_setup.ps1
-- Up-to-date symlink: /home/shesha/robot_ws/install/td3/share/td3//launch/install/local_setup.sh
-- Up-to-date symlink: /home/shesha/robot_ws/install/td3/share/td3//launch/install/local_setup.zsh
-- Up-to-date symlink: /home/shesha/robot_ws/install/td3/share/td3//launch/install/setup.bash
-- Up-to-date symlink: /home/shesha/robot_ws/install/td3/share/td3//launch/install/setup.ps1
-- Up-to-date symlink: /home/shesha/robot_ws/install/td3/share/td3//launch/install/setup.sh
-- Up-to-date symlink: /home/shesha/robot_ws/install/td3/share/td3//launch/install/setup.zsh
-- Up-to-date symlink: /home/shesha/robot_ws/install/td3/share/td3//launch/log/COLCON_IGNORE
-- Up-to-date symlink: /home/shesha/robot_ws/install/td3/share/td3//launch/log/build_2026-02-25_12-15-57/events.log
-- Up-to-date symlink: /home/shesha/robot_ws/install/td3/share/td3//launch/log/build_2026-02-25_12-15-57/logger_all.log
-- Up-to-date symlink: /home/shesha/robot_ws/install/td3/share/td3//launch/log/latest/events.log
-- Up-to-date symlink: /home/shesha/robot_ws/install/td3/share/td3//launch/log/latest/logger_all.log
-- Up-to-date symlink: /home/shesha/robot_ws/install/td3/share/td3//launch/log/latest_build/events.log
-- Up-to-date symlink: /home/shesha/robot_ws/install/td3/share/td3//launch/log/latest_build/logger_all.log
-- Up-to-date symlink: /home/shesha/robot_ws/install/td3/share/td3//launch/multi_robot_scenario.launch.py
-- Up-to-date symlink: /home/shesha/robot_ws/install/td3/share/td3//launch/pioneer3dx.rviz
-- Up-to-date symlink: /home/shesha/robot_ws/install/td3/share/td3//launch/robot_state_publisher.launch.py
-- Up-to-date symlink: /home/shesha/robot_ws/install/td3/share/td3//launch/test_simulation.launch.py
-- Up-to-date symlink: /home/shesha/robot_ws/install/td3/share/td3//launch/training_simulation.launch.py
-- Up-to-date symlink: /home/shesha/robot_ws/install/td3/share/td3//models/td_robot/meshes/laser/hokuyo.dae
-- Up-to-date symlink: /home/shesha/robot_ws/install/td3/share/td3//models/td_robot/meshes/p3dx/Coordinates
-- Up-to-date symlink: /home/shesha/robot_ws/install/td3/share/td3//models/td_robot/meshes/p3dx/back_rim.stl
-- Up-to-date symlink: /home/shesha/robot_ws/install/td3/share/td3//models/td_robot/meshes/p3dx/back_sonar.stl
-- Up-to-date symlink: /home/shesha/robot_ws/install/td3/share/td3//models/td_robot/meshes/p3dx/center_hubcap.stl
-- Up-to-date symlink: /home/shesha/robot_ws/install/td3/share/td3//models/td_robot/meshes/p3dx/center_wheel.stl
-- Up-to-date symlink: /home/shesha/robot_ws/install/td3/share/td3//models/td_robot/meshes/p3dx/chassis.stl
-- Up-to-date symlink: /home/shesha/robot_ws/install/td3/share/td3//models/td_robot/meshes/p3dx/front_rim.stl
-- Up-to-date symlink: /home/shesha/robot_ws/install/td3/share/td3//models/td_robot/meshes/p3dx/front_sonar.stl
-- Up-to-date symlink: /home/shesha/robot_ws/install/td3/share/td3//models/td_robot/meshes/p3dx/left_hubcap.stl
-- Up-to-date symlink: /home/shesha/robot_ws/install/td3/share/td3//models/td_robot/meshes/p3dx/left_wheel.stl
-- Up-to-date symlink: /home/shesha/robot_ws/install/td3/share/td3//models/td_robot/meshes/p3dx/right_hubcap.stl
-- Up-to-date symlink: /home/shesha/robot_ws/install/td3/share/td3//models/td_robot/meshes/p3dx/right_wheel.stl
-- Up-to-date symlink: /home/shesha/robot_ws/install/td3/share/td3//models/td_robot/meshes/p3dx/swivel.stl
-- Up-to-date symlink: /home/shesha/robot_ws/install/td3/share/td3//models/td_robot/meshes/p3dx/top.stl
-- Up-to-date symlink: /home/shesha/robot_ws/install/td3/share/td3//models/td_robot/model.config
-- Up-to-date symlink: /home/shesha/robot_ws/install/td3/share/td3//models/td_robot/td_robot.sdf
-- Up-to-date symlink: /home/shesha/robot_ws/install/td3/share/td3//models/td_robot/velodyne_description/CHANGELOG.rst
-- Up-to-date symlink: /home/shesha/robot_ws/install/td3/share/td3//models/td_robot/velodyne_description/CMakeLists.txt
-- Up-to-date symlink: /home/shesha/robot_ws/install/td3/share/td3//models/td_robot/velodyne_description/launch/example-launch.py
-- Up-to-date symlink: /home/shesha/robot_ws/install/td3/share/td3//models/td_robot/velodyne_description/meshes/HDL32E_base.dae
-- Up-to-date symlink: /home/shesha/robot_ws/install/td3/share/td3//models/td_robot/velodyne_description/meshes/HDL32E_base.stl
-- Up-to-date symlink: /home/shesha/robot_ws/install/td3/share/td3//models/td_robot/velodyne_description/meshes/HDL32E_scan.dae
-- Up-to-date symlink: /home/shesha/robot_ws/install/td3/share/td3//models/td_robot/velodyne_description/meshes/HDL32E_scan.stl
-- Up-to-date symlink: /home/shesha/robot_ws/install/td3/share/td3//models/td_robot/velodyne_description/meshes/VLP16_base_1.dae
-- Up-to-date symlink: /home/shesha/robot_ws/install/td3/share/td3//models/td_robot/velodyne_description/meshes/VLP16_base_1.stl
-- Up-to-date symlink: /home/shesha/robot_ws/install/td3/share/td3//models/td_robot/velodyne_description/meshes/VLP16_base_2.dae
-- Up-to-date symlink: /home/shesha/robot_ws/install/td3/share/td3//models/td_robot/velodyne_description/meshes/VLP16_base_2.stl
-- Up-to-date symlink: /home/shesha/robot_ws/install/td3/share/td3//models/td_robot/velodyne_description/meshes/VLP16_scan.dae
-- Up-to-date symlink: /home/shesha/robot_ws/install/td3/share/td3//models/td_robot/velodyne_description/meshes/VLP16_scan.stl
-- Up-to-date symlink: /home/shesha/robot_ws/install/td3/share/td3//models/td_robot/velodyne_description/models/rs_robot/meshes/DAE/base/base_link.dae
-- Up-to-date symlink: /home/shesha/robot_ws/install/td3/share/td3//models/td_robot/velodyne_description/models/rs_robot/meshes/DAE/base/base_linkOLD.dae
-- Up-to-date symlink: /home/shesha/robot_ws/install/td3/share/td3//models/td_robot/velodyne_description/models/rs_robot/meshes/DAE/lidar_base/YDlidar_base.dae
-- Up-to-date symlink: /home/shesha/robot_ws/install/td3/share/td3//models/td_robot/velodyne_description/models/rs_robot/meshes/DAE/lidar_head/YDlidar_head.dae
-- Up-to-date symlink: /home/shesha/robot_ws/install/td3/share/td3//models/td_robot/velodyne_description/models/rs_robot/meshes/DAE/sensors/camera/camera.dae
-- Up-to-date symlink: /home/shesha/robot_ws/install/td3/share/td3//models/td_robot/velodyne_description/models/rs_robot/meshes/DAE/sensors/front_lrf/front_lrf.dae
-- Up-to-date symlink: /home/shesha/robot_ws/install/td3/share/td3//models/td_robot/velodyne_description/models/rs_robot/meshes/DAE/sensors/front_lrf/lrf_texture.png
-- Up-to-date symlink: /home/shesha/robot_ws/install/td3/share/td3//models/td_robot/velodyne_description/models/rs_robot/meshes/DAE/sensors/gim30/gim30.dae
-- Up-to-date symlink: /home/shesha/robot_ws/install/td3/share/td3//models/td_robot/velodyne_description/models/rs_robot/meshes/DAE/sensors/gim30/gim30_lrf_texture.png
-- Up-to-date symlink: /home/shesha/robot_ws/install/td3/share/td3//models/td_robot/velodyne_description/models/rs_robot/meshes/DAE/sensors/gps/gps.dae
-- Up-to-date symlink: /home/shesha/robot_ws/install/td3/share/td3//models/td_robot/velodyne_description/models/rs_robot/meshes/DAE/sensors/gps/gps_texture.png
-- Up-to-date symlink: /home/shesha/robot_ws/install/td3/share/td3//models/td_robot/velodyne_description/models/rs_robot/meshes/DAE/sensors/rear_lrf/rear_lrf.dae
-- Up-to-date symlink: /home/shesha/robot_ws/install/td3/share/td3//models/td_robot/velodyne_description/models/rs_robot/meshes/DAE/sensors/rear_lrf/urg_texture.png
-- Up-to-date symlink: /home/shesha/robot_ws/install/td3/share/td3//models/td_robot/velodyne_description/models/rs_robot/meshes/DAE/suspension/front_left_link.dae
-- Up-to-date symlink: /home/shesha/robot_ws/install/td3/share/td3//models/td_robot/velodyne_description/models/rs_robot/meshes/DAE/suspension/front_right_link.dae
-- Up-to-date symlink: /home/shesha/robot_ws/install/td3/share/td3//models/td_robot/velodyne_description/models/rs_robot/meshes/DAE/suspension/rear_left_link.dae
-- Up-to-date symlink: /home/shesha/robot_ws/install/td3/share/td3//models/td_robot/velodyne_description/models/rs_robot/meshes/DAE/suspension/rear_right_link.dae
-- Up-to-date symlink: /home/shesha/robot_ws/install/td3/share/td3//models/td_robot/velodyne_description/models/rs_robot/meshes/DAE/wheel/wheel_link.dae
-- Up-to-date symlink: /home/shesha/robot_ws/install/td3/share/td3//models/td_robot/velodyne_description/models/rs_robot/meshes/STL/base/base_link.stl
-- Up-to-date symlink: /home/shesha/robot_ws/install/td3/share/td3//models/td_robot/velodyne_description/models/rs_robot/meshes/STL/base/base_link_old.stl
-- Up-to-date symlink: /home/shesha/robot_ws/install/td3/share/td3//models/td_robot/velodyne_description/models/rs_robot/meshes/STL/lidar_base/YDlidar_base.stl
-- Up-to-date symlink: /home/shesha/robot_ws/install/td3/share/td3//models/td_robot/velodyne_description/models/rs_robot/meshes/STL/lidar_head/YDlidar_head v4.stl
-- Up-to-date symlink: /home/shesha/robot_ws/install/td3/share/td3//models/td_robot/velodyne_description/models/rs_robot/meshes/STL/sensors/front_lrf/front_lrf.stl
-- Up-to-date symlink: /home/shesha/robot_ws/install/td3/share/td3//models/td_robot/velodyne_description/models/rs_robot/meshes/STL/sensors/gim30/gim30.stl
-- Up-to-date symlink: /home/shesha/robot_ws/install/td3/share/td3//models/td_robot/velodyne_description/models/rs_robot/meshes/STL/sensors/gps/gps.stl
-- Up-to-date symlink: /home/shesha/robot_ws/install/td3/share/td3//models/td_robot/velodyne_description/models/rs_robot/meshes/STL/sensors/rear_lrf/rear_lrf.stl
-- Up-to-date symlink: /home/shesha/robot_ws/install/td3/share/td3//models/td_robot/velodyne_description/models/rs_robot/meshes/STL/suspension/FRONT_LEFT_LINKSTL.stl
-- Up-to-date symlink: /home/shesha/robot_ws/install/td3/share/td3//models/td_robot/velodyne_description/models/rs_robot/meshes/STL/suspension/FRONT_RIGHT_LINKSTL.stl
-- Up-to-date symlink: /home/shesha/robot_ws/install/td3/share/td3//models/td_robot/velodyne_description/models/rs_robot/meshes/STL/suspension/REAR_LEFT_LINKSTL.stl
-- Up-to-date symlink: /home/shesha/robot_ws/install/td3/share/td3//models/td_robot/velodyne_description/models/rs_robot/meshes/STL/suspension/REAR_RIGHT_LINKSTL.stl
-- Up-to-date symlink: /home/shesha/robot_ws/install/td3/share/td3//models/td_robot/velodyne_description/models/rs_robot/meshes/STL/suspension/sus_link.stl
-- Up-to-date symlink: /home/shesha/robot_ws/install/td3/share/td3//models/td_robot/velodyne_description/models/rs_robot/meshes/STL/wheel/robot_wheel.stl
-- Up-to-date symlink: /home/shesha/robot_ws/install/td3/share/td3//models/td_robot/velodyne_description/models/rs_robot/model.config
-- Up-to-date symlink: /home/shesha/robot_ws/install/td3/share/td3//models/td_robot/velodyne_description/models/rs_robot/rs_robot.sdf
-- Up-to-date symlink: /home/shesha/robot_ws/install/td3/share/td3//models/td_robot/velodyne_description/package.xml
-- Up-to-date symlink: /home/shesha/robot_ws/install/td3/share/td3//models/td_robot/velodyne_description/rviz/example.rviz
-- Up-to-date symlink: /home/shesha/robot_ws/install/td3/share/td3//models/td_robot/velodyne_description/urdf/HDL-32E.urdf.xacro
-- Up-to-date symlink: /home/shesha/robot_ws/install/td3/share/td3//models/td_robot/velodyne_description/urdf/VLP-16.urdf.xacro
-- Up-to-date symlink: /home/shesha/robot_ws/install/td3/share/td3//models/td_robot/velodyne_description/urdf/VLP-32C.urdf.xacro
-- Up-to-date symlink: /home/shesha/robot_ws/install/td3/share/td3//models/td_robot/velodyne_description/urdf/example.urdf.xacro
-- Up-to-date symlink: /home/shesha/robot_ws/install/td3/share/td3//models/td_robot/velodyne_description/world/example.world
-- Up-to-date symlink: /home/shesha/robot_ws/install/td3/share/td3//models/td_robot/velodyne_description/world/lio_sam.model
[33mCMake Warning (dev) at ament_cmake_symlink_install/ament_cmake_symlink_install.cmake:62 (file):
  Policy CMP0009 is not set: FILE GLOB_RECURSE calls should not follow
  symlinks by default.  Run "cmake --help-policy CMP0009" for policy details.
  Use the cmake_policy command to set the policy and suppress this warning.
Call Stack (most recent call first):
  ament_cmake_symlink_install/ament_cmake_symlink_install.cmake:314 (ament_cmake_symlink_install_directory)
  cmake_install.cmake:46 (include)
This warning is for project developers.  Use -Wno-dev to suppress it.
[0m
-- Up-to-date symlink: /home/shesha/robot_ws/install/td3/share/td3//scripts/__pycache__/point_cloud2.cpython-310.pyc
-- Up-to-date symlink: /home/shesha/robot_ws/install/td3/share/td3//scripts/__pycache__/replay_buffer.cpython-310.pyc
-- Up-to-date symlink: /home/shesha/robot_ws/install/td3/share/td3//scripts/build/.built_by
-- Up-to-date symlink: /home/shesha/robot_ws/install/td3/share/td3//scripts/build/COLCON_IGNORE
-- Up-to-date symlink: /home/shesha/robot_ws/install/td3/share/td3//scripts/install/.colcon_install_layout
-- Up-to-date symlink: /home/shesha/robot_ws/install/td3/share/td3//scripts/install/COLCON_IGNORE
-- Up-to-date symlink: /home/shesha/robot_ws/install/td3/share/td3//scripts/install/_local_setup_util_ps1.py
-- Up-to-date symlink: /home/shesha/robot_ws/install/td3/share/td3//scripts/install/_local_setup_util_sh.py
-- Up-to-date symlink: /home/shesha/robot_ws/install/td3/share/td3//scripts/install/local_setup.bash
-- Up-to-date symlink: /home/shesha/robot_ws/install/td3/share/td3//scripts/install/local_setup.ps1
-- Up-to-date symlink: /home/shesha/robot_ws/install/td3/share/td3//scripts/install/local_setup.sh
-- Up-to-date symlink: /home/shesha/robot_ws/install/td3/share/td3//scripts/install/local_setup.zsh
-- Up-to-date symlink: /home/shesha/robot_ws/install/td3/share/td3//scripts/install/setup.bash
-- Up-to-date symlink: /home/shesha/robot_ws/install/td3/share/td3//scripts/install/setup.ps1
-- Up-to-date symlink: /home/shesha/robot_ws/install/td3/share/td3//scripts/install/setup.sh
-- Up-to-date symlink: /home/shesha/robot_ws/install/td3/share/td3//scripts/install/setup.zsh
-- Up-to-date symlink: /home/shesha/robot_ws/install/td3/share/td3//scripts/log/COLCON_IGNORE
-- Up-to-date symlink: /home/shesha/robot_ws/install/td3/share/td3//scripts/log/build_2026-02-17_14-30-30/events.log
-- Up-to-date symlink: /home/shesha/robot_ws/install/td3/share/td3//scripts/log/build_2026-02-17_14-30-30/logger_all.log
-- Up-to-date symlink: /home/shesha/robot_ws/install/td3/share/td3//scripts/log/latest/events.log
-- Up-to-date symlink: /home/shesha/robot_ws/install/td3/share/td3//scripts/log/latest/logger_all.log
-- Up-to-date symlink: /home/shesha/robot_ws/install/td3/share/td3//scripts/log/latest_build/events.log
-- Up-to-date symlink: /home/shesha/robot_ws/install/td3/share/td3//scripts/log/latest_build/logger_all.log
-- Up-to-date symlink: /home/shesha/robot_ws/install/td3/share/td3//scripts/point_cloud2.py
-- Up-to-date symlink: /home/shesha/robot_ws/install/td3/share/td3//scripts/pytorch_models/td3_green_4wheel_actor.pth
-- Up-to-date symlink: /home/shesha/robot_ws/install/td3/share/td3//scripts/pytorch_models/td3_green_4wheel_critic.pth
-- Up-to-date symlink: /home/shesha/robot_ws/install/td3/share/td3//scripts/pytorch_models/td3_velodyne_actor.pth
-- Up-to-date symlink: /home/shesha/robot_ws/install/td3/share/td3//scripts/pytorch_models/td3_velodyne_critic.pth
-- Up-to-date symlink: /home/shesha/robot_ws/install/td3/share/td3//scripts/replay_buffer.py
-- Up-to-date symlink: /home/shesha/robot_ws/install/td3/share/td3//scripts/results/TD3_velodyne.npy
-- Up-to-date symlink: /home/shesha/robot_ws/install/td3/share/td3//scripts/results/td3_green_4wheel.npy
-- Up-to-date symlink: /home/shesha/robot_ws/install/td3/share/td3//scripts/runs/events.out.tfevents.1680403580.robotmania-MINIPC-PA90.28181.0
-- Up-to-date symlink: /home/shesha/robot_ws/install/td3/share/td3//scripts/runs/events.out.tfevents.1680403642.robotmania-MINIPC-PA90.28717.0
-- Up-to-date symlink: /home/shesha/robot_ws/install/td3/share/td3//scripts/runs/events.out.tfevents.1771408188.sesa-ubntu.26255.0
-- Up-to-date symlink: /home/shesha/robot_ws/install/td3/share/td3//scripts/runs/events.out.tfevents.1771408725.sesa-ubntu.27135.0
-- Up-to-date symlink: /home/shesha/robot_ws/install/td3/share/td3//scripts/runs/events.out.tfevents.1771409591.sesa-ubntu.28175.0
-- Up-to-date symlink: /home/shesha/robot_ws/install/td3/share/td3//scripts/runs/events.out.tfevents.1771409643.sesa-ubntu.28530.0
-- Up-to-date symlink: /home/shesha/robot_ws/install/td3/share/td3//scripts/runs/events.out.tfevents.1771476254.sesa-ubntu.55762.0
-- Up-to-date symlink: /home/shesha/robot_ws/install/td3/share/td3//scripts/runs/events.out.tfevents.1771476388.sesa-ubntu.56511.0
-- Up-to-date symlink: /home/shesha/robot_ws/install/td3/share/td3//scripts/runs/events.out.tfevents.1771476510.sesa-ubntu.57219.0
-- Up-to-date symlink: /home/shesha/robot_ws/install/td3/share/td3//scripts/runs/events.out.tfevents.1771476820.sesa-ubntu.58660.0
-- Up-to-date symlink: /home/shesha/robot_ws/install/td3/share/td3//scripts/runs/events.out.tfevents.1771483353.sesa-ubntu.61484.0
-- Up-to-date symlink: /home/shesha/robot_ws/install/td3/share/td3//scripts/runs/events.out.tfevents.1771483372.sesa-ubntu.61647.0
-- Up-to-date symlink: /home/shesha/robot_ws/install/td3/share/td3//scripts/runs/events.out.tfevents.1771483445.sesa-ubntu.62060.0
-- Up-to-date symlink: /home/shesha/robot_ws/install/td3/share/td3//scripts/runs/events.out.tfevents.1771490232.sesa-ubntu.65214.0
-- Up-to-date symlink: /home/shesha/robot_ws/install/td3/share/td3//scripts/runs/events.out.tfevents.1771561497.sesa-ubntu.76951.0
-- Up-to-date symlink: /home/shesha/robot_ws/install/td3/share/td3//scripts/runs/events.out.tfevents.1771561572.sesa-ubntu.77444.0
-- Up-to-date symlink: /home/shesha/robot_ws/install/td3/share/td3//scripts/runs/events.out.tfevents.1771561651.sesa-ubntu.77943.0
-- Up-to-date symlink: /home/shesha/robot_ws/install/td3/share/td3//scripts/runs/events.out.tfevents.1771561797.sesa-ubntu.78651.0
-- Up-to-date symlink: /home/shesha/robot_ws/install/td3/share/td3//scripts/runs/events.out.tfevents.1771561942.sesa-ubntu.79372.0
-- Up-to-date symlink: /home/shesha/robot_ws/install/td3/share/td3//scripts/runs/events.out.tfevents.1772002141.sesa-ubntu.6944.0
-- Up-to-date symlink: /home/shesha/robot_ws/install/td3/share/td3//scripts/runs/events.out.tfevents.1772003016.sesa-ubntu.8739.0
-- Up-to-date symlink: /home/shesha/robot_ws/install/td3/share/td3//scripts/runs/events.out.tfevents.1772003206.sesa-ubntu.22887.0
-- Up-to-date symlink: /home/shesha/robot_ws/install/td3/share/td3//scripts/runs/events.out.tfevents.1772003653.sesa-ubntu.28165.0
-- Up-to-date symlink: /home/shesha/robot_ws/install/td3/share/td3//scripts/runs/events.out.tfevents.1772004093.sesa-ubntu.29246.0
-- Up-to-date symlink: /home/shesha/robot_ws/install/td3/share/td3//scripts/runs/events.out.tfevents.1772004386.sesa-ubntu.30960.0
-- Up-to-date symlink: /home/shesha/robot_ws/install/td3/share/td3//scripts/runs/events.out.tfevents.1772007144.sesa-ubntu.31967.0
-- Up-to-date symlink: /home/shesha/robot_ws/install/td3/share/td3//scripts/runs/events.out.tfevents.1772007420.sesa-ubntu.32905.0
-- Up-to-date symlink: /home/shesha/robot_ws/install/td3/share/td3//scripts/runs/events.out.tfevents.1772007573.sesa-ubntu.33767.0
-- Symlinking: /home/shesha/robot_ws/install/td3/share/td3//scripts/runs/events.out.tfevents.1772008337.sesa-ubntu.34859.0
-- Up-to-date symlink: /home/shesha/robot_ws/install/td3/share/td3//scripts/test_4wheel_node.py
-- Up-to-date symlink: /home/shesha/robot_ws/install/td3/share/td3//scripts/test_velodyne_node.py
-- Up-to-date symlink: /home/shesha/robot_ws/install/td3/share/td3//scripts/train_4wheel_node.py
-- Up-to-date symlink: /home/shesha/robot_ws/install/td3/share/td3//scripts/train_velodyne_node.py
-- Up-to-date symlink: /home/shesha/robot_ws/install/td3/share/td3//urdf/meshes/laser/hokuyo.dae
-- Up-to-date symlink: /home/shesha/robot_ws/install/td3/share/td3//urdf/meshes/p3dx/Coordinates
-- Up-to-date symlink: /home/shesha/robot_ws/install/td3/share/td3//urdf/meshes/p3dx/back_rim.stl
-- Up-to-date symlink: /home/shesha/robot_ws/install/td3/share/td3//urdf/meshes/p3dx/back_sonar.stl
-- Up-to-date symlink: /home/shesha/robot_ws/install/td3/share/td3//urdf/meshes/p3dx/center_hubcap.stl
-- Up-to-date symlink: /home/shesha/robot_ws/install/td3/share/td3//urdf/meshes/p3dx/center_wheel.stl
-- Up-to-date symlink: /home/shesha/robot_ws/install/td3/share/td3//urdf/meshes/p3dx/chassis.stl
-- Up-to-date symlink: /home/shesha/robot_ws/install/td3/share/td3//urdf/meshes/p3dx/front_rim.stl
-- Up-to-date symlink: /home/shesha/robot_ws/install/td3/share/td3//urdf/meshes/p3dx/front_sonar.stl
-- Up-to-date symlink: /home/shesha/robot_ws/install/td3/share/td3//urdf/meshes/p3dx/left_hubcap.stl
-- Up-to-date symlink: /home/shesha/robot_ws/install/td3/share/td3//urdf/meshes/p3dx/left_wheel.stl
-- Up-to-date symlink: /home/shesha/robot_ws/install/td3/share/td3//urdf/meshes/p3dx/right_hubcap.stl
-- Up-to-date symlink: /home/shesha/robot_ws/install/td3/share/td3//urdf/meshes/p3dx/right_wheel.stl
-- Up-to-date symlink: /home/shesha/robot_ws/install/td3/share/td3//urdf/meshes/p3dx/swivel.stl
-- Up-to-date symlink: /home/shesha/robot_ws/install/td3/share/td3//urdf/meshes/p3dx/top.stl
-- Up-to-date symlink: /home/shesha/robot_ws/install/td3/share/td3//urdf/td_robot.urdf
-- Up-to-date symlink: /home/shesha/robot_ws/install/td3/share/td3//worlds/td3.world
-- Up-to-date symlink: /home/shesha/robot_ws/install/td3/lib/td3/replay_buffer.py
-- Up-to-date symlink: /home/shesha/robot_ws/install/td3/lib/td3/test_4wheel_node.py
-- Up-to-date symlink: /home/shesha/robot_ws/install/td3/lib/td3/train_4wheel_node.py
-- Up-to-date symlink: /home/shesha/robot_ws/install/td3/lib/td3/point_cloud2.py
[33mCMake Warning (dev) at ament_cmake_symlink_install/ament_cmake_symlink_install.cmake:62 (file):
  Policy CMP0009 is not set: FILE GLOB_RECURSE calls should not follow
  symlinks by default.  Run "cmake --help-policy CMP0009" for policy details.
  Use the cmake_policy command to set the policy and suppress this warning.
Call Stack (most recent call first):
  ament_cmake_symlink_install/ament_cmake_symlink_install.cmake:320 (ament_cmake_symlink_install_directory)
  cmake_install.cmake:46 (include)
This warning is for project developers.  Use -Wno-dev to suppress it.
[0m
-- Up-to-date symlink: /home/shesha/robot_ws/install/td3/share/td3/launch/build/.built_by
-- Up-to-date symlink: /home/shesha/robot_ws/install/td3/share/td3/launch/build/COLCON_IGNORE
-- Up-to-date symlink: /home/shesha/robot_ws/install/td3/share/td3/launch/install/.colcon_install_layout
-- Up-to-date symlink: /home/shesha/robot_ws/install/td3/share/td3/launch/install/COLCON_IGNORE
-- Up-to-date symlink: /home/shesha/robot_ws/install/td3/share/td3/launch/install/_local_setup_util_ps1.py
-- Up-to-date symlink: /home/shesha/robot_ws/install/td3/share/td3/launch/install/_local_setup_util_sh.py
-- Up-to-date symlink: /home/shesha/robot_ws/install/td3/share/td3/launch/install/local_setup.bash
-- Up-to-date symlink: /home/shesha/robot_ws/install/td3/share/td3/launch/install/local_setup.ps1
-- Up-to-date symlink: /home/shesha/robot_ws/install/td3/share/td3/launch/install/local_setup.sh
-- Up-to-date symlink: /home/shesha/robot_ws/install/td3/share/td3/launch/install/local_setup.zsh
-- Up-to-date symlink: /home/shesha/robot_ws/install/td3/share/td3/launch/install/setup.bash
-- Up-to-date symlink: /home/shesha/robot_ws/install/td3/share/td3/launch/install/setup.ps1
-- Up-to-date symlink: /home/shesha/robot_ws/install/td3/share/td3/launch/install/setup.sh
-- Up-to-date symlink: /home/shesha/robot_ws/install/td3/share/td3/launch/install/setup.zsh
-- Up-to-date symlink: /home/shesha/robot_ws/install/td3/share/td3/launch/log/COLCON_IGNORE
-- Up-to-date symlink: /home/shesha/robot_ws/install/td3/share/td3/launch/log/build_2026-02-25_12-15-57/events.log
-- Up-to-date symlink: /home/shesha/robot_ws/install/td3/share/td3/launch/log/build_2026-02-25_12-15-57/logger_all.log
-- Up-to-date symlink: /home/shesha/robot_ws/install/td3/share/td3/launch/log/latest/events.log
-- Up-to-date symlink: /home/shesha/robot_ws/install/td3/share/td3/launch/log/latest/logger_all.log
-- Up-to-date symlink: /home/shesha/robot_ws/install/td3/share/td3/launch/log/latest_build/events.log
-- Up-to-date symlink: /home/shesha/robot_ws/install/td3/share/td3/launch/log/latest_build/logger_all.log
-- Up-to-date symlink: /home/shesha/robot_ws/install/td3/share/td3/launch/multi_robot_scenario.launch.py
-- Up-to-date symlink: /home/shesha/robot_ws/install/td3/share/td3/launch/pioneer3dx.rviz
-- Up-to-date symlink: /home/shesha/robot_ws/install/td3/share/td3/launch/robot_state_publisher.launch.py
-- Up-to-date symlink: /home/shesha/robot_ws/install/td3/share/td3/launch/test_simulation.launch.py
-- Up-to-date symlink: /home/shesha/robot_ws/install/td3/share/td3/launch/training_simulation.launch.py
-- Up-to-date symlink: /home/shesha/robot_ws/install/td3/share/td3/models/td_robot/meshes/laser/hokuyo.dae
-- Up-to-date symlink: /home/shesha/robot_ws/install/td3/share/td3/models/td_robot/meshes/p3dx/Coordinates
-- Up-to-date symlink: /home/shesha/robot_ws/install/td3/share/td3/models/td_robot/meshes/p3dx/back_rim.stl
-- Up-to-date symlink: /home/shesha/robot_ws/install/td3/share/td3/models/td_robot/meshes/p3dx/back_sonar.stl
-- Up-to-date symlink: /home/shesha/robot_ws/install/td3/share/td3/models/td_robot/meshes/p3dx/center_hubcap.stl
-- Up-to-date symlink: /home/shesha/robot_ws/install/td3/share/td3/models/td_robot/meshes/p3dx/center_wheel.stl
-- Up-to-date symlink: /home/shesha/robot_ws/install/td3/share/td3/models/td_robot/meshes/p3dx/chassis.stl
-- Up-to-date symlink: /home/shesha/robot_ws/install/td3/share/td3/models/td_robot/meshes/p3dx/front_rim.stl
-- Up-to-date symlink: /home/shesha/robot_ws/install/td3/share/td3/models/td_robot/meshes/p3dx/front_sonar.stl
-- Up-to-date symlink: /home/shesha/robot_ws/install/td3/share/td3/models/td_robot/meshes/p3dx/left_hubcap.stl
-- Up-to-date symlink: /home/shesha/robot_ws/install/td3/share/td3/models/td_robot/meshes/p3dx/left_wheel.stl
-- Up-to-date symlink: /home/shesha/robot_ws/install/td3/share/td3/models/td_robot/meshes/p3dx/right_hubcap.stl
-- Up-to-date symlink: /home/shesha/robot_ws/install/td3/share/td3/models/td_robot/meshes/p3dx/right_wheel.stl
-- Up-to-date symlink: /home/shesha/robot_ws/install/td3/share/td3/models/td_robot/meshes/p3dx/swivel.stl
-- Up-to-date symlink: /home/shesha/robot_ws/install/td3/share/td3/models/td_robot/meshes/p3dx/top.stl
-- Up-to-date symlink: /home/shesha/robot_ws/install/td3/share/td3/models/td_robot/model.config
-- Up-to-date symlink: /home/shesha/robot_ws/install/td3/share/td3/models/td_robot/td_robot.sdf
-- Up-to-date symlink: /home/shesha/robot_ws/install/td3/share/td3/models/td_robot/velodyne_description/CHANGELOG.rst
-- Up-to-date symlink: /home/shesha/robot_ws/install/td3/share/td3/models/td_robot/velodyne_description/CMakeLists.txt
-- Up-to-date symlink: /home/shesha/robot_ws/install/td3/share/td3/models/td_robot/velodyne_description/launch/example-launch.py
-- Up-to-date symlink: /home/shesha/robot_ws/install/td3/share/td3/models/td_robot/velodyne_description/meshes/HDL32E_base.dae
-- Up-to-date symlink: /home/shesha/robot_ws/install/td3/share/td3/models/td_robot/velodyne_description/meshes/HDL32E_base.stl
-- Up-to-date symlink: /home/shesha/robot_ws/install/td3/share/td3/models/td_robot/velodyne_description/meshes/HDL32E_scan.dae
-- Up-to-date symlink: /home/shesha/robot_ws/install/td3/share/td3/models/td_robot/velodyne_description/meshes/HDL32E_scan.stl
-- Up-to-date symlink: /home/shesha/robot_ws/install/td3/share/td3/models/td_robot/velodyne_description/meshes/VLP16_base_1.dae
-- Up-to-date symlink: /home/shesha/robot_ws/install/td3/share/td3/models/td_robot/velodyne_description/meshes/VLP16_base_1.stl
-- Up-to-date symlink: /home/shesha/robot_ws/install/td3/share/td3/models/td_robot/velodyne_description/meshes/VLP16_base_2.dae
-- Up-to-date symlink: /home/shesha/robot_ws/install/td3/share/td3/models/td_robot/velodyne_description/meshes/VLP16_base_2.stl
-- Up-to-date symlink: /home/shesha/robot_ws/install/td3/share/td3/models/td_robot/velodyne_description/meshes/VLP16_scan.dae
-- Up-to-date symlink: /home/shesha/robot_ws/install/td3/share/td3/models/td_robot/velodyne_description/meshes/VLP16_scan.stl
-- Up-to-date symlink: /home/shesha/robot_ws/install/td3/share/td3/models/td_robot/velodyne_description/models/rs_robot/meshes/DAE/base/base_link.dae
-- Up-to-date symlink: /home/shesha/robot_ws/install/td3/share/td3/models/td_robot/velodyne_description/models/rs_robot/meshes/DAE/base/base_linkOLD.dae
-- Up-to-date symlink: /home/shesha/robot_ws/install/td3/share/td3/models/td_robot/velodyne_description/models/rs_robot/meshes/DAE/lidar_base/YDlidar_base.dae
-- Up-to-date symlink: /home/shesha/robot_ws/install/td3/share/td3/models/td_robot/velodyne_description/models/rs_robot/meshes/DAE/lidar_head/YDlidar_head.dae
-- Up-to-date symlink: /home/shesha/robot_ws/install/td3/share/td3/models/td_robot/velodyne_description/models/rs_robot/meshes/DAE/sensors/camera/camera.dae
-- Up-to-date symlink: /home/shesha/robot_ws/install/td3/share/td3/models/td_robot/velodyne_description/models/rs_robot/meshes/DAE/sensors/front_lrf/front_lrf.dae
-- Up-to-date symlink: /home/shesha/robot_ws/install/td3/share/td3/models/td_robot/velodyne_description/models/rs_robot/meshes/DAE/sensors/front_lrf/lrf_texture.png
-- Up-to-date symlink: /home/shesha/robot_ws/install/td3/share/td3/models/td_robot/velodyne_description/models/rs_robot/meshes/DAE/sensors/gim30/gim30.dae
-- Up-to-date symlink: /home/shesha/robot_ws/install/td3/share/td3/models/td_robot/velodyne_description/models/rs_robot/meshes/DAE/sensors/gim30/gim30_lrf_texture.png
-- Up-to-date symlink: /home/shesha/robot_ws/install/td3/share/td3/models/td_robot/velodyne_description/models/rs_robot/meshes/DAE/sensors/gps/gps.dae
-- Up-to-date symlink: /home/shesha/robot_ws/install/td3/share/td3/models/td_robot/velodyne_description/models/rs_robot/meshes/DAE/sensors/gps/gps_texture.png
-- Up-to-date symlink: /home/shesha/robot_ws/install/td3/share/td3/models/td_robot/velodyne_description/models/rs_robot/meshes/DAE/sensors/rear_lrf/rear_lrf.dae
-- Up-to-date symlink: /home/shesha/robot_ws/install/td3/share/td3/models/td_robot/velodyne_description/models/rs_robot/meshes/DAE/sensors/rear_lrf/urg_texture.png
-- Up-to-date symlink: /home/shesha/robot_ws/install/td3/share/td3/models/td_robot/velodyne_description/models/rs_robot/meshes/DAE/suspension/front_left_link.dae
-- Up-to-date symlink: /home/shesha/robot_ws/install/td3/share/td3/models/td_robot/velodyne_description/models/rs_robot/meshes/DAE/suspension/front_right_link.dae
-- Up-to-date symlink: /home/shesha/robot_ws/install/td3/share/td3/models/td_robot/velodyne_description/models/rs_robot/meshes/DAE/suspension/rear_left_link.dae
-- Up-to-date symlink: /home/shesha/robot_ws/install/td3/share/td3/models/td_robot/velodyne_description/models/rs_robot/meshes/DAE/suspension/rear_right_link.dae
-- Up-to-date symlink: /home/shesha/robot_ws/install/td3/share/td3/models/td_robot/velodyne_description/models/rs_robot/meshes/DAE/wheel/wheel_link.dae
-- Up-to-date symlink: /home/shesha/robot_ws/install/td3/share/td3/models/td_robot/velodyne_description/models/rs_robot/meshes/STL/base/base_link.stl
-- Up-to-date symlink: /home/shesha/robot_ws/install/td3/share/td3/models/td_robot/velodyne_description/models/rs_robot/meshes/STL/base/base_link_old.stl
-- Up-to-date symlink: /home/shesha/robot_ws/install/td3/share/td3/models/td_robot/velodyne_description/models/rs_robot/meshes/STL/lidar_base/YDlidar_base.stl
-- Up-to-date symlink: /home/shesha/robot_ws/install/td3/share/td3/models/td_robot/velodyne_description/models/rs_robot/meshes/STL/lidar_head/YDlidar_head v4.stl
-- Up-to-date symlink: /home/shesha/robot_ws/install/td3/share/td3/models/td_robot/velodyne_description/models/rs_robot/meshes/STL/sensors/front_lrf/front_lrf.stl
-- Up-to-date symlink: /home/shesha/robot_ws/install/td3/share/td3/models/td_robot/velodyne_description/models/rs_robot/meshes/STL/sensors/gim30/gim30.stl
-- Up-to-date symlink: /home/shesha/robot_ws/install/td3/share/td3/models/td_robot/velodyne_description/models/rs_robot/meshes/STL/sensors/gps/gps.stl
-- Up-to-date symlink: /home/shesha/robot_ws/install/td3/share/td3/models/td_robot/velodyne_description/models/rs_robot/meshes/STL/sensors/rear_lrf/rear_lrf.stl
-- Up-to-date symlink: /home/shesha/robot_ws/install/td3/share/td3/models/td_robot/velodyne_description/models/rs_robot/meshes/STL/suspension/FRONT_LEFT_LINKSTL.stl
-- Up-to-date symlink: /home/shesha/robot_ws/install/td3/share/td3/models/td_robot/velodyne_description/models/rs_robot/meshes/STL/suspension/FRONT_RIGHT_LINKSTL.stl
-- Up-to-date symlink: /home/shesha/robot_ws/install/td3/share/td3/models/td_robot/velodyne_description/models/rs_robot/meshes/STL/suspension/REAR_LEFT_LINKSTL.stl
-- Up-to-date symlink: /home/shesha/robot_ws/install/td3/share/td3/models/td_robot/velodyne_description/models/rs_robot/meshes/STL/suspension/REAR_RIGHT_LINKSTL.stl
-- Up-to-date symlink: /home/shesha/robot_ws/install/td3/share/td3/models/td_robot/velodyne_description/models/rs_robot/meshes/STL/suspension/sus_link.stl
-- Up-to-date symlink: /home/shesha/robot_ws/install/td3/share/td3/models/td_robot/velodyne_description/models/rs_robot/meshes/STL/wheel/robot_wheel.stl
-- Up-to-date symlink: /home/shesha/robot_ws/install/td3/share/td3/models/td_robot/velodyne_description/models/rs_robot/model.config
-- Up-to-date symlink: /home/shesha/robot_ws/install/td3/share/td3/models/td_robot/velodyne_description/models/rs_robot/rs_robot.sdf
-- Up-to-date symlink: /home/shesha/robot_ws/install/td3/share/td3/models/td_robot/velodyne_description/package.xml
-- Up-to-date symlink: /home/shesha/robot_ws/install/td3/share/td3/models/td_robot/velodyne_description/rviz/example.rviz
-- Up-to-date symlink: /home/shesha/robot_ws/install/td3/share/td3/models/td_robot/velodyne_description/urdf/HDL-32E.urdf.xacro
-- Up-to-date symlink: /home/shesha/robot_ws/install/td3/share/td3/models/td_robot/velodyne_description/urdf/VLP-16.urdf.xacro
-- Up-to-date symlink: /home/shesha/robot_ws/install/td3/share/td3/models/td_robot/velodyne_description/urdf/VLP-32C.urdf.xacro
-- Up-to-date symlink: /home/shesha/robot_ws/install/td3/share/td3/models/td_robot/velodyne_description/urdf/example.urdf.xacro
-- Up-to-date symlink: /home/shesha/robot_ws/install/td3/share/td3/models/td_robot/velodyne_description/world/example.world
-- Up-to-date symlink: /home/shesha/robot_ws/install/td3/share/td3/models/td_robot/velodyne_description/world/lio_sam.model
-- Up-to-date symlink: /home/shesha/robot_ws/install/td3/share/td3/urdf/meshes/laser/hokuyo.dae
-- Up-to-date symlink: /home/shesha/robot_ws/install/td3/share/td3/urdf/meshes/p3dx/Coordinates
-- Up-to-date symlink: /home/shesha/robot_ws/install/td3/share/td3/urdf/meshes/p3dx/back_rim.stl
-- Up-to-date symlink: /home/shesha/robot_ws/install/td3/share/td3/urdf/meshes/p3dx/back_sonar.stl
-- Up-to-date symlink: /home/shesha/robot_ws/install/td3/share/td3/urdf/meshes/p3dx/center_hubcap.stl
-- Up-to-date symlink: /home/shesha/robot_ws/install/td3/share/td3/urdf/meshes/p3dx/center_wheel.stl
-- Up-to-date symlink: /home/shesha/robot_ws/install/td3/share/td3/urdf/meshes/p3dx/chassis.stl
-- Up-to-date symlink: /home/shesha/robot_ws/install/td3/share/td3/urdf/meshes/p3dx/front_rim.stl
-- Up-to-date symlink: /home/shesha/robot_ws/install/td3/share/td3/urdf/meshes/p3dx/front_sonar.stl
-- Up-to-date symlink: /home/shesha/robot_ws/install/td3/share/td3/urdf/meshes/p3dx/left_hubcap.stl
-- Up-to-date symlink: /home/shesha/robot_ws/install/td3/share/td3/urdf/meshes/p3dx/left_wheel.stl
-- Up-to-date symlink: /home/shesha/robot_ws/install/td3/share/td3/urdf/meshes/p3dx/right_hubcap.stl
-- Up-to-date symlink: /home/shesha/robot_ws/install/td3/share/td3/urdf/meshes/p3dx/right_wheel.stl
-- Up-to-date symlink: /home/shesha/robot_ws/install/td3/share/td3/urdf/meshes/p3dx/swivel.stl
-- Up-to-date symlink: /home/shesha/robot_ws/install/td3/share/td3/urdf/meshes/p3dx/top.stl
-- Up-to-date symlink: /home/shesha/robot_ws/install/td3/share/td3/urdf/td_robot.urdf
-- Up-to-date symlink: /home/shesha/robot_ws/install/td3/share/td3/worlds/td3.world
-- Up-to-date symlink: /home/shesha/robot_ws/install/td3/share/ament_index/resource_index/package_run_dependencies/td3
-- Up-to-date symlink: /home/shesha/robot_ws/install/td3/share/ament_index/resource_index/parent_prefix_path/td3
-- Up-to-date symlink: /home/shesha/robot_ws/install/td3/share/td3/environment/ament_prefix_path.sh
-- Up-to-date symlink: /home/shesha/robot_ws/install/td3/share/td3/environment/ament_prefix_path.dsv
-- Up-to-date symlink: /home/shesha/robot_ws/install/td3/share/td3/environment/path.sh
-- Up-to-date symlink: /home/shesha/robot_ws/install/td3/share/td3/environment/path.dsv
-- Up-to-date symlink: /home/shesha/robot_ws/install/td3/share/td3/local_setup.bash
-- Up-to-date symlink: /home/shesha/robot_ws/install/td3/share/td3/local_setup.sh
-- Up-to-date symlink: /home/shesha/robot_ws/install/td3/share/td3/local_setup.zsh
-- Up-to-date symlink: /home/shesha/robot_ws/install/td3/share/td3/local_setup.dsv
-- Symlinking: /home/shesha/robot_ws/install/td3/share/td3/package.dsv
-- Up-to-date symlink: /home/shesha/robot_ws/install/td3/share/ament_index/resource_index/packages/td3
-- Up-to-date symlink: /home/shesha/robot_ws/install/td3/share/td3/cmake/td3Config.cmake
-- Up-to-date symlink: /home/shesha/robot_ws/install/td3/share/td3/cmake/td3Config-version.cmake
-- Up-to-date symlink: /home/shesha/robot_ws/install/td3/share/td3/package.xml
