[0.012s] Invoking command in '/home/shesha/robot_ws/build/td3': CMAKE_PREFIX_PATH=${CMAKE_PREFIX_PATH}:/opt/ros/humble /usr/bin/cmake --build /home/shesha/robot_ws/build/td3 -- -j16 -l16
[0.048s] Invoked command in '/home/shesha/robot_ws/build/td3' returned '0': CMAKE_PREFIX_PATH=${CMAKE_PREFIX_PATH}:/opt/ros/humble /usr/bin/cmake --build /home/shesha/robot_ws/build/td3 -- -j16 -l16
[0.059s] Invoking command in '/home/shesha/robot_ws/build/td3': CMAKE_PREFIX_PATH=${CMAKE_PREFIX_PATH}:/opt/ros/humble /usr/bin/cmake --install /home/shesha/robot_ws/build/td3
[0.066s] -- Install configuration: ""
[0.067s] -- Execute custom install script
[0.067s] [33mCMake Warning (dev) at ament_cmake_symlink_install/ament_cmake_symlink_install.cmake:62 (file):
[0.067s]   Policy CMP0009 is not set: FILE GLOB_RECURSE calls should not follow
[0.068s]   symlinks by default.  Run "cmake --help-policy CMP0009" for policy details.
[0.068s]   Use the cmake_policy command to set the policy and suppress this warning.
[0.068s] Call Stack (most recent call first):
[0.068s]   ament_cmake_symlink_install/ament_cmake_symlink_install.cmake:314 (ament_cmake_symlink_install_directory)
[0.068s]   cmake_install.cmake:46 (include)
[0.068s] This warning is for project developers.  Use -Wno-dev to suppress it.
[0.068s] [0m
[0.068s] -- Up-to-date symlink: /home/shesha/robot_ws/install/td3/share/td3//launch/build/.built_by
[0.068s] -- Up-to-date symlink: /home/shesha/robot_ws/install/td3/share/td3//launch/build/COLCON_IGNORE
[0.068s] -- Up-to-date symlink: /home/shesha/robot_ws/install/td3/share/td3//launch/install/.colcon_install_layout
[0.068s] -- Up-to-date symlink: /home/shesha/robot_ws/install/td3/share/td3//launch/install/COLCON_IGNORE
[0.068s] -- Up-to-date symlink: /home/shesha/robot_ws/install/td3/share/td3//launch/install/_local_setup_util_ps1.py
[0.068s] -- Up-to-date symlink: /home/shesha/robot_ws/install/td3/share/td3//launch/install/_local_setup_util_sh.py
[0.068s] -- Up-to-date symlink: /home/shesha/robot_ws/install/td3/share/td3//launch/install/local_setup.bash
[0.069s] -- Up-to-date symlink: /home/shesha/robot_ws/install/td3/share/td3//launch/install/local_setup.ps1
[0.069s] -- Up-to-date symlink: /home/shesha/robot_ws/install/td3/share/td3//launch/install/local_setup.sh
[0.069s] -- Up-to-date symlink: /home/shesha/robot_ws/install/td3/share/td3//launch/install/local_setup.zsh
[0.069s] -- Up-to-date symlink: /home/shesha/robot_ws/install/td3/share/td3//launch/install/setup.bash
[0.069s] -- Up-to-date symlink: /home/shesha/robot_ws/install/td3/share/td3//launch/install/setup.ps1
[0.069s] -- Up-to-date symlink: /home/shesha/robot_ws/install/td3/share/td3//launch/install/setup.sh
[0.069s] -- Up-to-date symlink: /home/shesha/robot_ws/install/td3/share/td3//launch/install/setup.zsh
[0.069s] -- Up-to-date symlink: /home/shesha/robot_ws/install/td3/share/td3//launch/log/COLCON_IGNORE
[0.069s] -- Up-to-date symlink: /home/shesha/robot_ws/install/td3/share/td3//launch/log/build_2026-02-25_12-15-57/events.log
[0.069s] -- Up-to-date symlink: /home/shesha/robot_ws/install/td3/share/td3//launch/log/build_2026-02-25_12-15-57/logger_all.log
[0.069s] -- Up-to-date symlink: /home/shesha/robot_ws/install/td3/share/td3//launch/log/latest/events.log
[0.069s] -- Up-to-date symlink: /home/shesha/robot_ws/install/td3/share/td3//launch/log/latest/logger_all.log
[0.069s] -- Up-to-date symlink: /home/shesha/robot_ws/install/td3/share/td3//launch/log/latest_build/events.log
[0.069s] -- Up-to-date symlink: /home/shesha/robot_ws/install/td3/share/td3//launch/log/latest_build/logger_all.log
[0.069s] -- Up-to-date symlink: /home/shesha/robot_ws/install/td3/share/td3//launch/multi_robot_scenario.launch.py
[0.069s] -- Up-to-date symlink: /home/shesha/robot_ws/install/td3/share/td3//launch/pioneer3dx.rviz
[0.069s] -- Up-to-date symlink: /home/shesha/robot_ws/install/td3/share/td3//launch/robot_state_publisher.launch.py
[0.070s] -- Up-to-date symlink: /home/shesha/robot_ws/install/td3/share/td3//launch/test_simulation.launch.py
[0.070s] -- Up-to-date symlink: /home/shesha/robot_ws/install/td3/share/td3//launch/training_simulation.launch.py
[0.071s] -- Up-to-date symlink: /home/shesha/robot_ws/install/td3/share/td3//models/td_robot/meshes/laser/hokuyo.dae
[0.071s] -- Up-to-date symlink: /home/shesha/robot_ws/install/td3/share/td3//models/td_robot/meshes/p3dx/Coordinates
[0.071s] -- Up-to-date symlink: /home/shesha/robot_ws/install/td3/share/td3//models/td_robot/meshes/p3dx/back_rim.stl
[0.071s] -- Up-to-date symlink: /home/shesha/robot_ws/install/td3/share/td3//models/td_robot/meshes/p3dx/back_sonar.stl
[0.071s] -- Up-to-date symlink: /home/shesha/robot_ws/install/td3/share/td3//models/td_robot/meshes/p3dx/center_hubcap.stl
[0.071s] -- Up-to-date symlink: /home/shesha/robot_ws/install/td3/share/td3//models/td_robot/meshes/p3dx/center_wheel.stl
[0.072s] -- Up-to-date symlink: /home/shesha/robot_ws/install/td3/share/td3//models/td_robot/meshes/p3dx/chassis.stl
[0.072s] -- Up-to-date symlink: /home/shesha/robot_ws/install/td3/share/td3//models/td_robot/meshes/p3dx/front_rim.stl
[0.072s] -- Up-to-date symlink: /home/shesha/robot_ws/install/td3/share/td3//models/td_robot/meshes/p3dx/front_sonar.stl
[0.072s] -- Up-to-date symlink: /home/shesha/robot_ws/install/td3/share/td3//models/td_robot/meshes/p3dx/left_hubcap.stl
[0.072s] -- Up-to-date symlink: /home/shesha/robot_ws/install/td3/share/td3//models/td_robot/meshes/p3dx/left_wheel.stl
[0.072s] -- Up-to-date symlink: /home/shesha/robot_ws/install/td3/share/td3//models/td_robot/meshes/p3dx/right_hubcap.stl
[0.072s] -- Up-to-date symlink: /home/shesha/robot_ws/install/td3/share/td3//models/td_robot/meshes/p3dx/right_wheel.stl
[0.072s] -- Up-to-date symlink: /home/shesha/robot_ws/install/td3/share/td3//models/td_robot/meshes/p3dx/swivel.stl
[0.072s] -- Up-to-date symlink: /home/shesha/robot_ws/install/td3/share/td3//models/td_robot/meshes/p3dx/top.stl
[0.073s] -- Up-to-date symlink: /home/shesha/robot_ws/install/td3/share/td3//models/td_robot/model.config
[0.073s] -- Up-to-date symlink: /home/shesha/robot_ws/install/td3/share/td3//models/td_robot/td_robot.sdf
[0.073s] -- Up-to-date symlink: /home/shesha/robot_ws/install/td3/share/td3//models/td_robot/velodyne_description/CHANGELOG.rst
[0.073s] -- Up-to-date symlink: /home/shesha/robot_ws/install/td3/share/td3//models/td_robot/velodyne_description/CMakeLists.txt
[0.073s] -- Up-to-date symlink: /home/shesha/robot_ws/install/td3/share/td3//models/td_robot/velodyne_description/launch/example-launch.py
[0.073s] -- Up-to-date symlink: /home/shesha/robot_ws/install/td3/share/td3//models/td_robot/velodyne_description/meshes/HDL32E_base.dae
[0.073s] -- Up-to-date symlink: /home/shesha/robot_ws/install/td3/share/td3//models/td_robot/velodyne_description/meshes/HDL32E_base.stl
[0.073s] -- Up-to-date symlink: /home/shesha/robot_ws/install/td3/share/td3//models/td_robot/velodyne_description/meshes/HDL32E_scan.dae
[0.073s] -- Up-to-date symlink: /home/shesha/robot_ws/install/td3/share/td3//models/td_robot/velodyne_description/meshes/HDL32E_scan.stl
[0.073s] -- Up-to-date symlink: /home/shesha/robot_ws/install/td3/share/td3//models/td_robot/velodyne_description/meshes/VLP16_base_1.dae
[0.073s] -- Up-to-date symlink: /home/shesha/robot_ws/install/td3/share/td3//models/td_robot/velodyne_description/meshes/VLP16_base_1.stl
[0.074s] -- Up-to-date symlink: /home/shesha/robot_ws/install/td3/share/td3//models/td_robot/velodyne_description/meshes/VLP16_base_2.dae
[0.074s] -- Up-to-date symlink: /home/shesha/robot_ws/install/td3/share/td3//models/td_robot/velodyne_description/meshes/VLP16_base_2.stl
[0.074s] -- Up-to-date symlink: /home/shesha/robot_ws/install/td3/share/td3//models/td_robot/velodyne_description/meshes/VLP16_scan.dae
[0.074s] -- Up-to-date symlink: /home/shesha/robot_ws/install/td3/share/td3//models/td_robot/velodyne_description/meshes/VLP16_scan.stl
[0.074s] -- Up-to-date symlink: /home/shesha/robot_ws/install/td3/share/td3//models/td_robot/velodyne_description/models/rs_robot/meshes/DAE/base/base_link.dae
[0.074s] -- Up-to-date symlink: /home/shesha/robot_ws/install/td3/share/td3//models/td_robot/velodyne_description/models/rs_robot/meshes/DAE/base/base_linkOLD.dae
[0.074s] -- Up-to-date symlink: /home/shesha/robot_ws/install/td3/share/td3//models/td_robot/velodyne_description/models/rs_robot/meshes/DAE/lidar_base/YDlidar_base.dae
[0.074s] -- Up-to-date symlink: /home/shesha/robot_ws/install/td3/share/td3//models/td_robot/velodyne_description/models/rs_robot/meshes/DAE/lidar_head/YDlidar_head.dae
[0.075s] -- Up-to-date symlink: /home/shesha/robot_ws/install/td3/share/td3//models/td_robot/velodyne_description/models/rs_robot/meshes/DAE/sensors/camera/camera.dae
[0.075s] -- Up-to-date symlink: /home/shesha/robot_ws/install/td3/share/td3//models/td_robot/velodyne_description/models/rs_robot/meshes/DAE/sensors/front_lrf/front_lrf.dae
[0.075s] -- Up-to-date symlink: /home/shesha/robot_ws/install/td3/share/td3//models/td_robot/velodyne_description/models/rs_robot/meshes/DAE/sensors/front_lrf/lrf_texture.png
[0.075s] -- Up-to-date symlink: /home/shesha/robot_ws/install/td3/share/td3//models/td_robot/velodyne_description/models/rs_robot/meshes/DAE/sensors/gim30/gim30.dae
[0.075s] -- Up-to-date symlink: /home/shesha/robot_ws/install/td3/share/td3//models/td_robot/velodyne_description/models/rs_robot/meshes/DAE/sensors/gim30/gim30_lrf_texture.png
[0.075s] -- Up-to-date symlink: /home/shesha/robot_ws/install/td3/share/td3//models/td_robot/velodyne_description/models/rs_robot/meshes/DAE/sensors/gps/gps.dae
[0.075s] -- Up-to-date symlink: /home/shesha/robot_ws/install/td3/share/td3//models/td_robot/velodyne_description/models/rs_robot/meshes/DAE/sensors/gps/gps_texture.png
[0.076s] -- Up-to-date symlink: /home/shesha/robot_ws/install/td3/share/td3//models/td_robot/velodyne_description/models/rs_robot/meshes/DAE/sensors/rear_lrf/rear_lrf.dae
[0.076s] -- Up-to-date symlink: /home/shesha/robot_ws/install/td3/share/td3//models/td_robot/velodyne_description/models/rs_robot/meshes/DAE/sensors/rear_lrf/urg_texture.png
[0.076s] -- Up-to-date symlink: /home/shesha/robot_ws/install/td3/share/td3//models/td_robot/velodyne_description/models/rs_robot/meshes/DAE/suspension/front_left_link.dae
[0.076s] -- Up-to-date symlink: /home/shesha/robot_ws/install/td3/share/td3//models/td_robot/velodyne_description/models/rs_robot/meshes/DAE/suspension/front_right_link.dae
[0.076s] -- Up-to-date symlink: /home/shesha/robot_ws/install/td3/share/td3//models/td_robot/velodyne_description/models/rs_robot/meshes/DAE/suspension/rear_left_link.dae
[0.076s] -- Up-to-date symlink: /home/shesha/robot_ws/install/td3/share/td3//models/td_robot/velodyne_description/models/rs_robot/meshes/DAE/suspension/rear_right_link.dae
[0.076s] -- Up-to-date symlink: /home/shesha/robot_ws/install/td3/share/td3//models/td_robot/velodyne_description/models/rs_robot/meshes/DAE/wheel/wheel_link.dae
[0.077s] -- Up-to-date symlink: /home/shesha/robot_ws/install/td3/share/td3//models/td_robot/velodyne_description/models/rs_robot/meshes/STL/base/base_link.stl
[0.077s] -- Up-to-date symlink: /home/shesha/robot_ws/install/td3/share/td3//models/td_robot/velodyne_description/models/rs_robot/meshes/STL/base/base_link_old.stl
[0.077s] -- Up-to-date symlink: /home/shesha/robot_ws/install/td3/share/td3//models/td_robot/velodyne_description/models/rs_robot/meshes/STL/lidar_base/YDlidar_base.stl
[0.077s] -- Up-to-date symlink: /home/shesha/robot_ws/install/td3/share/td3//models/td_robot/velodyne_description/models/rs_robot/meshes/STL/lidar_head/YDlidar_head v4.stl
[0.077s] -- Up-to-date symlink: /home/shesha/robot_ws/install/td3/share/td3//models/td_robot/velodyne_description/models/rs_robot/meshes/STL/sensors/front_lrf/front_lrf.stl
[0.077s] -- Up-to-date symlink: /home/shesha/robot_ws/install/td3/share/td3//models/td_robot/velodyne_description/models/rs_robot/meshes/STL/sensors/gim30/gim30.stl
[0.077s] -- Up-to-date symlink: /home/shesha/robot_ws/install/td3/share/td3//models/td_robot/velodyne_description/models/rs_robot/meshes/STL/sensors/gps/gps.stl
[0.077s] -- Up-to-date symlink: /home/shesha/robot_ws/install/td3/share/td3//models/td_robot/velodyne_description/models/rs_robot/meshes/STL/sensors/rear_lrf/rear_lrf.stl
[0.078s] -- Up-to-date symlink: /home/shesha/robot_ws/install/td3/share/td3//models/td_robot/velodyne_description/models/rs_robot/meshes/STL/suspension/FRONT_LEFT_LINKSTL.stl
[0.078s] -- Up-to-date symlink: /home/shesha/robot_ws/install/td3/share/td3//models/td_robot/velodyne_description/models/rs_robot/meshes/STL/suspension/FRONT_RIGHT_LINKSTL.stl
[0.078s] -- Up-to-date symlink: /home/shesha/robot_ws/install/td3/share/td3//models/td_robot/velodyne_description/models/rs_robot/meshes/STL/suspension/REAR_LEFT_LINKSTL.stl
[0.078s] -- Up-to-date symlink: /home/shesha/robot_ws/install/td3/share/td3//models/td_robot/velodyne_description/models/rs_robot/meshes/STL/suspension/REAR_RIGHT_LINKSTL.stl
[0.078s] -- Up-to-date symlink: /home/shesha/robot_ws/install/td3/share/td3//models/td_robot/velodyne_description/models/rs_robot/meshes/STL/suspension/sus_link.stl
[0.078s] -- Up-to-date symlink: /home/shesha/robot_ws/install/td3/share/td3//models/td_robot/velodyne_description/models/rs_robot/meshes/STL/wheel/robot_wheel.stl
[0.078s] -- Up-to-date symlink: /home/shesha/robot_ws/install/td3/share/td3//models/td_robot/velodyne_description/models/rs_robot/model.config
[0.079s] -- Up-to-date symlink: /home/shesha/robot_ws/install/td3/share/td3//models/td_robot/velodyne_description/models/rs_robot/rs_robot.sdf
[0.079s] -- Up-to-date symlink: /home/shesha/robot_ws/install/td3/share/td3//models/td_robot/velodyne_description/package.xml
[0.079s] -- Up-to-date symlink: /home/shesha/robot_ws/install/td3/share/td3//models/td_robot/velodyne_description/rviz/example.rviz
[0.079s] -- Up-to-date symlink: /home/shesha/robot_ws/install/td3/share/td3//models/td_robot/velodyne_description/urdf/HDL-32E.urdf.xacro
[0.079s] -- Up-to-date symlink: /home/shesha/robot_ws/install/td3/share/td3//models/td_robot/velodyne_description/urdf/VLP-16.urdf.xacro
[0.079s] -- Up-to-date symlink: /home/shesha/robot_ws/install/td3/share/td3//models/td_robot/velodyne_description/urdf/VLP-32C.urdf.xacro
[0.079s] -- Up-to-date symlink: /home/shesha/robot_ws/install/td3/share/td3//models/td_robot/velodyne_description/urdf/example.urdf.xacro
[0.079s] -- Up-to-date symlink: /home/shesha/robot_ws/install/td3/share/td3//models/td_robot/velodyne_description/world/example.world
[0.079s] -- Up-to-date symlink: /home/shesha/robot_ws/install/td3/share/td3//models/td_robot/velodyne_description/world/lio_sam.model
[0.080s] [33mCMake Warning (dev) at ament_cmake_symlink_install/ament_cmake_symlink_install.cmake:62 (file):
[0.080s]   Policy CMP0009 is not set: FILE GLOB_RECURSE calls should not follow
[0.080s]   symlinks by default.  Run "cmake --help-policy CMP0009" for policy details.
[0.080s]   Use the cmake_policy command to set the policy and suppress this warning.
[0.080s] Call Stack (most recent call first):
[0.080s]   ament_cmake_symlink_install/ament_cmake_symlink_install.cmake:314 (ament_cmake_symlink_install_directory)
[0.080s]   cmake_install.cmake:46 (include)
[0.081s] This warning is for project developers.  Use -Wno-dev to suppress it.
[0.081s] [0m
[0.081s] -- Up-to-date symlink: /home/shesha/robot_ws/install/td3/share/td3//scripts/__pycache__/point_cloud2.cpython-310.pyc
[0.081s] -- Up-to-date symlink: /home/shesha/robot_ws/install/td3/share/td3//scripts/__pycache__/replay_buffer.cpython-310.pyc
[0.081s] -- Up-to-date symlink: /home/shesha/robot_ws/install/td3/share/td3//scripts/build/.built_by
[0.081s] -- Up-to-date symlink: /home/shesha/robot_ws/install/td3/share/td3//scripts/build/COLCON_IGNORE
[0.081s] -- Up-to-date symlink: /home/shesha/robot_ws/install/td3/share/td3//scripts/install/.colcon_install_layout
[0.081s] -- Up-to-date symlink: /home/shesha/robot_ws/install/td3/share/td3//scripts/install/COLCON_IGNORE
[0.081s] -- Up-to-date symlink: /home/shesha/robot_ws/install/td3/share/td3//scripts/install/_local_setup_util_ps1.py
[0.081s] -- Up-to-date symlink: /home/shesha/robot_ws/install/td3/share/td3//scripts/install/_local_setup_util_sh.py
[0.081s] -- Up-to-date symlink: /home/shesha/robot_ws/install/td3/share/td3//scripts/install/local_setup.bash
[0.081s] -- Up-to-date symlink: /home/shesha/robot_ws/install/td3/share/td3//scripts/install/local_setup.ps1
[0.081s] -- Up-to-date symlink: /home/shesha/robot_ws/install/td3/share/td3//scripts/install/local_setup.sh
[0.081s] -- Up-to-date symlink: /home/shesha/robot_ws/install/td3/share/td3//scripts/install/local_setup.zsh
[0.081s] -- Up-to-date symlink: /home/shesha/robot_ws/install/td3/share/td3//scripts/install/setup.bash
[0.081s] -- Up-to-date symlink: /home/shesha/robot_ws/install/td3/share/td3//scripts/install/setup.ps1
[0.081s] -- Up-to-date symlink: /home/shesha/robot_ws/install/td3/share/td3//scripts/install/setup.sh
[0.082s] -- Up-to-date symlink: /home/shesha/robot_ws/install/td3/share/td3//scripts/install/setup.zsh
[0.082s] -- Up-to-date symlink: /home/shesha/robot_ws/install/td3/share/td3//scripts/log/COLCON_IGNORE
[0.082s] -- Up-to-date symlink: /home/shesha/robot_ws/install/td3/share/td3//scripts/log/build_2026-02-17_14-30-30/events.log
[0.082s] -- Up-to-date symlink: /home/shesha/robot_ws/install/td3/share/td3//scripts/log/build_2026-02-17_14-30-30/logger_all.log
[0.082s] -- Up-to-date symlink: /home/shesha/robot_ws/install/td3/share/td3//scripts/log/latest/events.log
[0.082s] -- Up-to-date symlink: /home/shesha/robot_ws/install/td3/share/td3//scripts/log/latest/logger_all.log
[0.082s] -- Up-to-date symlink: /home/shesha/robot_ws/install/td3/share/td3//scripts/log/latest_build/events.log
[0.082s] -- Up-to-date symlink: /home/shesha/robot_ws/install/td3/share/td3//scripts/log/latest_build/logger_all.log
[0.082s] -- Up-to-date symlink: /home/shesha/robot_ws/install/td3/share/td3//scripts/point_cloud2.py
[0.082s] -- Up-to-date symlink: /home/shesha/robot_ws/install/td3/share/td3//scripts/pytorch_models/td3_green_4wheel_actor.pth
[0.083s] -- Up-to-date symlink: /home/shesha/robot_ws/install/td3/share/td3//scripts/pytorch_models/td3_green_4wheel_critic.pth
[0.083s] -- Up-to-date symlink: /home/shesha/robot_ws/install/td3/share/td3//scripts/pytorch_models/td3_velodyne_actor.pth
[0.083s] -- Up-to-date symlink: /home/shesha/robot_ws/install/td3/share/td3//scripts/pytorch_models/td3_velodyne_critic.pth
[0.083s] -- Up-to-date symlink: /home/shesha/robot_ws/install/td3/share/td3//scripts/replay_buffer.py
[0.083s] -- Up-to-date symlink: /home/shesha/robot_ws/install/td3/share/td3//scripts/results/TD3_velodyne.npy
[0.083s] -- Up-to-date symlink: /home/shesha/robot_ws/install/td3/share/td3//scripts/results/td3_green_4wheel.npy
[0.083s] -- Up-to-date symlink: /home/shesha/robot_ws/install/td3/share/td3//scripts/runs/events.out.tfevents.1680403580.robotmania-MINIPC-PA90.28181.0
[0.083s] -- Up-to-date symlink: /home/shesha/robot_ws/install/td3/share/td3//scripts/runs/events.out.tfevents.1680403642.robotmania-MINIPC-PA90.28717.0
[0.083s] -- Up-to-date symlink: /home/shesha/robot_ws/install/td3/share/td3//scripts/runs/events.out.tfevents.1771408188.sesa-ubntu.26255.0
[0.083s] -- Up-to-date symlink: /home/shesha/robot_ws/install/td3/share/td3//scripts/runs/events.out.tfevents.1771408725.sesa-ubntu.27135.0
[0.084s] -- Up-to-date symlink: /home/shesha/robot_ws/install/td3/share/td3//scripts/runs/events.out.tfevents.1771409591.sesa-ubntu.28175.0
[0.084s] -- Up-to-date symlink: /home/shesha/robot_ws/install/td3/share/td3//scripts/runs/events.out.tfevents.1771409643.sesa-ubntu.28530.0
[0.084s] -- Up-to-date symlink: /home/shesha/robot_ws/install/td3/share/td3//scripts/runs/events.out.tfevents.1771476254.sesa-ubntu.55762.0
[0.084s] -- Up-to-date symlink: /home/shesha/robot_ws/install/td3/share/td3//scripts/runs/events.out.tfevents.1771476388.sesa-ubntu.56511.0
[0.084s] -- Up-to-date symlink: /home/shesha/robot_ws/install/td3/share/td3//scripts/runs/events.out.tfevents.1771476510.sesa-ubntu.57219.0
[0.084s] -- Up-to-date symlink: /home/shesha/robot_ws/install/td3/share/td3//scripts/runs/events.out.tfevents.1771476820.sesa-ubntu.58660.0
[0.084s] -- Up-to-date symlink: /home/shesha/robot_ws/install/td3/share/td3//scripts/runs/events.out.tfevents.1771483353.sesa-ubntu.61484.0
[0.084s] -- Up-to-date symlink: /home/shesha/robot_ws/install/td3/share/td3//scripts/runs/events.out.tfevents.1771483372.sesa-ubntu.61647.0
[0.084s] -- Up-to-date symlink: /home/shesha/robot_ws/install/td3/share/td3//scripts/runs/events.out.tfevents.1771483445.sesa-ubntu.62060.0
[0.084s] -- Up-to-date symlink: /home/shesha/robot_ws/install/td3/share/td3//scripts/runs/events.out.tfevents.1771490232.sesa-ubntu.65214.0
[0.084s] -- Up-to-date symlink: /home/shesha/robot_ws/install/td3/share/td3//scripts/runs/events.out.tfevents.1771561497.sesa-ubntu.76951.0
[0.085s] -- Up-to-date symlink: /home/shesha/robot_ws/install/td3/share/td3//scripts/runs/events.out.tfevents.1771561572.sesa-ubntu.77444.0
[0.085s] -- Up-to-date symlink: /home/shesha/robot_ws/install/td3/share/td3//scripts/runs/events.out.tfevents.1771561651.sesa-ubntu.77943.0
[0.085s] -- Up-to-date symlink: /home/shesha/robot_ws/install/td3/share/td3//scripts/runs/events.out.tfevents.1771561797.sesa-ubntu.78651.0
[0.085s] -- Up-to-date symlink: /home/shesha/robot_ws/install/td3/share/td3//scripts/runs/events.out.tfevents.1771561942.sesa-ubntu.79372.0
[0.085s] -- Up-to-date symlink: /home/shesha/robot_ws/install/td3/share/td3//scripts/runs/events.out.tfevents.1772002141.sesa-ubntu.6944.0
[0.085s] -- Up-to-date symlink: /home/shesha/robot_ws/install/td3/share/td3//scripts/runs/events.out.tfevents.1772003016.sesa-ubntu.8739.0
[0.085s] -- Up-to-date symlink: /home/shesha/robot_ws/install/td3/share/td3//scripts/runs/events.out.tfevents.1772003206.sesa-ubntu.22887.0
[0.085s] -- Up-to-date symlink: /home/shesha/robot_ws/install/td3/share/td3//scripts/runs/events.out.tfevents.1772003653.sesa-ubntu.28165.0
[0.085s] -- Symlinking: /home/shesha/robot_ws/install/td3/share/td3//scripts/runs/events.out.tfevents.1772004093.sesa-ubntu.29246.0
[0.096s] -- Up-to-date symlink: /home/shesha/robot_ws/install/td3/share/td3//scripts/test_4wheel_node.py
[0.096s] -- Up-to-date symlink: /home/shesha/robot_ws/install/td3/share/td3//scripts/test_velodyne_node.py
[0.097s] -- Up-to-date symlink: /home/shesha/robot_ws/install/td3/share/td3//scripts/train_4wheel_node.py
[0.097s] -- Up-to-date symlink: /home/shesha/robot_ws/install/td3/share/td3//scripts/train_velodyne_node.py
[0.097s] -- Up-to-date symlink: /home/shesha/robot_ws/install/td3/share/td3//urdf/meshes/laser/hokuyo.dae
[0.097s] -- Up-to-date symlink: /home/shesha/robot_ws/install/td3/share/td3//urdf/meshes/p3dx/Coordinates
[0.097s] -- Up-to-date symlink: /home/shesha/robot_ws/install/td3/share/td3//urdf/meshes/p3dx/back_rim.stl
[0.098s] -- Up-to-date symlink: /home/shesha/robot_ws/install/td3/share/td3//urdf/meshes/p3dx/back_sonar.stl
[0.098s] -- Up-to-date symlink: /home/shesha/robot_ws/install/td3/share/td3//urdf/meshes/p3dx/center_hubcap.stl
[0.098s] -- Up-to-date symlink: /home/shesha/robot_ws/install/td3/share/td3//urdf/meshes/p3dx/center_wheel.stl
[0.098s] -- Up-to-date symlink: /home/shesha/robot_ws/install/td3/share/td3//urdf/meshes/p3dx/chassis.stl
[0.098s] -- Up-to-date symlink: /home/shesha/robot_ws/install/td3/share/td3//urdf/meshes/p3dx/front_rim.stl
[0.098s] -- Up-to-date symlink: /home/shesha/robot_ws/install/td3/share/td3//urdf/meshes/p3dx/front_sonar.stl
[0.098s] -- Up-to-date symlink: /home/shesha/robot_ws/install/td3/share/td3//urdf/meshes/p3dx/left_hubcap.stl
[0.098s] -- Up-to-date symlink: /home/shesha/robot_ws/install/td3/share/td3//urdf/meshes/p3dx/left_wheel.stl
[0.098s] -- Up-to-date symlink: /home/shesha/robot_ws/install/td3/share/td3//urdf/meshes/p3dx/right_hubcap.stl
[0.098s] -- Up-to-date symlink: /home/shesha/robot_ws/install/td3/share/td3//urdf/meshes/p3dx/right_wheel.stl
[0.099s] -- Up-to-date symlink: /home/shesha/robot_ws/install/td3/share/td3//urdf/meshes/p3dx/swivel.stl
[0.099s] -- Up-to-date symlink: /home/shesha/robot_ws/install/td3/share/td3//urdf/meshes/p3dx/top.stl
[0.099s] -- Up-to-date symlink: /home/shesha/robot_ws/install/td3/share/td3//urdf/td_robot.urdf
[0.099s] -- Up-to-date symlink: /home/shesha/robot_ws/install/td3/share/td3//worlds/td3.world
[0.099s] -- Up-to-date symlink: /home/shesha/robot_ws/install/td3/lib/td3/replay_buffer.py
[0.099s] -- Up-to-date symlink: /home/shesha/robot_ws/install/td3/lib/td3/test_4wheel_node.py
[0.099s] -- Up-to-date symlink: /home/shesha/robot_ws/install/td3/lib/td3/train_4wheel_node.py
[0.099s] -- Up-to-date symlink: /home/shesha/robot_ws/install/td3/lib/td3/point_cloud2.py
[0.100s] [33mCMake Warning (dev) at ament_cmake_symlink_install/ament_cmake_symlink_install.cmake:62 (file):
[0.100s]   Policy CMP0009 is not set: FILE GLOB_RECURSE calls should not follow
[0.100s]   symlinks by default.  Run "cmake --help-policy CMP0009" for policy details.
[0.100s]   Use the cmake_policy command to set the policy and suppress this warning.
[0.100s] Call Stack (most recent call first):
[0.100s]   ament_cmake_symlink_install/ament_cmake_symlink_install.cmake:320 (ament_cmake_symlink_install_directory)
[0.100s]   cmake_install.cmake:46 (include)
[0.100s] This warning is for project developers.  Use -Wno-dev to suppress it.
[0.100s] [0m
[0.100s] -- Up-to-date symlink: /home/shesha/robot_ws/install/td3/share/td3/launch/build/.built_by
[0.101s] -- Up-to-date symlink: /home/shesha/robot_ws/install/td3/share/td3/launch/build/COLCON_IGNORE
[0.101s] -- Up-to-date symlink: /home/shesha/robot_ws/install/td3/share/td3/launch/install/.colcon_install_layout
[0.101s] -- Up-to-date symlink: /home/shesha/robot_ws/install/td3/share/td3/launch/install/COLCON_IGNORE
[0.101s] -- Up-to-date symlink: /home/shesha/robot_ws/install/td3/share/td3/launch/install/_local_setup_util_ps1.py
[0.101s] -- Up-to-date symlink: /home/shesha/robot_ws/install/td3/share/td3/launch/install/_local_setup_util_sh.py
[0.101s] -- Up-to-date symlink: /home/shesha/robot_ws/install/td3/share/td3/launch/install/local_setup.bash
[0.101s] -- Up-to-date symlink: /home/shesha/robot_ws/install/td3/share/td3/launch/install/local_setup.ps1
[0.101s] -- Up-to-date symlink: /home/shesha/robot_ws/install/td3/share/td3/launch/install/local_setup.sh
[0.101s] -- Up-to-date symlink: /home/shesha/robot_ws/install/td3/share/td3/launch/install/local_setup.zsh
[0.101s] -- Up-to-date symlink: /home/shesha/robot_ws/install/td3/share/td3/launch/install/setup.bash
[0.101s] -- Up-to-date symlink: /home/shesha/robot_ws/install/td3/share/td3/launch/install/setup.ps1
[0.101s] -- Up-to-date symlink: /home/shesha/robot_ws/install/td3/share/td3/launch/install/setup.sh
[0.101s] -- Up-to-date symlink: /home/shesha/robot_ws/install/td3/share/td3/launch/install/setup.zsh
[0.101s] -- Up-to-date symlink: /home/shesha/robot_ws/install/td3/share/td3/launch/log/COLCON_IGNORE
[0.102s] -- Up-to-date symlink: /home/shesha/robot_ws/install/td3/share/td3/launch/log/build_2026-02-25_12-15-57/events.log
[0.102s] -- Up-to-date symlink: /home/shesha/robot_ws/install/td3/share/td3/launch/log/build_2026-02-25_12-15-57/logger_all.log
[0.102s] -- Up-to-date symlink: /home/shesha/robot_ws/install/td3/share/td3/launch/log/latest/events.log
[0.102s] -- Up-to-date symlink: /home/shesha/robot_ws/install/td3/share/td3/launch/log/latest/logger_all.log
[0.102s] -- Up-to-date symlink: /home/shesha/robot_ws/install/td3/share/td3/launch/log/latest_build/events.log
[0.102s] -- Up-to-date symlink: /home/shesha/robot_ws/install/td3/share/td3/launch/log/latest_build/logger_all.log
[0.102s] -- Up-to-date symlink: /home/shesha/robot_ws/install/td3/share/td3/launch/multi_robot_scenario.launch.py
[0.102s] -- Up-to-date symlink: /home/shesha/robot_ws/install/td3/share/td3/launch/pioneer3dx.rviz
[0.102s] -- Up-to-date symlink: /home/shesha/robot_ws/install/td3/share/td3/launch/robot_state_publisher.launch.py
[0.102s] -- Up-to-date symlink: /home/shesha/robot_ws/install/td3/share/td3/launch/test_simulation.launch.py
[0.103s] -- Up-to-date symlink: /home/shesha/robot_ws/install/td3/share/td3/launch/training_simulation.launch.py
[0.104s] -- Up-to-date symlink: /home/shesha/robot_ws/install/td3/share/td3/models/td_robot/meshes/laser/hokuyo.dae
[0.104s] -- Up-to-date symlink: /home/shesha/robot_ws/install/td3/share/td3/models/td_robot/meshes/p3dx/Coordinates
[0.104s] -- Up-to-date symlink: /home/shesha/robot_ws/install/td3/share/td3/models/td_robot/meshes/p3dx/back_rim.stl
[0.104s] -- Up-to-date symlink: /home/shesha/robot_ws/install/td3/share/td3/models/td_robot/meshes/p3dx/back_sonar.stl
[0.104s] -- Up-to-date symlink: /home/shesha/robot_ws/install/td3/share/td3/models/td_robot/meshes/p3dx/center_hubcap.stl
[0.105s] -- Up-to-date symlink: /home/shesha/robot_ws/install/td3/share/td3/models/td_robot/meshes/p3dx/center_wheel.stl
[0.105s] -- Up-to-date symlink: /home/shesha/robot_ws/install/td3/share/td3/models/td_robot/meshes/p3dx/chassis.stl
[0.105s] -- Up-to-date symlink: /home/shesha/robot_ws/install/td3/share/td3/models/td_robot/meshes/p3dx/front_rim.stl
[0.105s] -- Up-to-date symlink: /home/shesha/robot_ws/install/td3/share/td3/models/td_robot/meshes/p3dx/front_sonar.stl
[0.105s] -- Up-to-date symlink: /home/shesha/robot_ws/install/td3/share/td3/models/td_robot/meshes/p3dx/left_hubcap.stl
[0.105s] -- Up-to-date symlink: /home/shesha/robot_ws/install/td3/share/td3/models/td_robot/meshes/p3dx/left_wheel.stl
[0.105s] -- Up-to-date symlink: /home/shesha/robot_ws/install/td3/share/td3/models/td_robot/meshes/p3dx/right_hubcap.stl
[0.105s] -- Up-to-date symlink: /home/shesha/robot_ws/install/td3/share/td3/models/td_robot/meshes/p3dx/right_wheel.stl
[0.105s] -- Up-to-date symlink: /home/shesha/robot_ws/install/td3/share/td3/models/td_robot/meshes/p3dx/swivel.stl
[0.106s] -- Up-to-date symlink: /home/shesha/robot_ws/install/td3/share/td3/models/td_robot/meshes/p3dx/top.stl
[0.106s] -- Up-to-date symlink: /home/shesha/robot_ws/install/td3/share/td3/models/td_robot/model.config
[0.106s] -- Up-to-date symlink: /home/shesha/robot_ws/install/td3/share/td3/models/td_robot/td_robot.sdf
[0.106s] -- Up-to-date symlink: /home/shesha/robot_ws/install/td3/share/td3/models/td_robot/velodyne_description/CHANGELOG.rst
[0.106s] -- Up-to-date symlink: /home/shesha/robot_ws/install/td3/share/td3/models/td_robot/velodyne_description/CMakeLists.txt
[0.106s] -- Up-to-date symlink: /home/shesha/robot_ws/install/td3/share/td3/models/td_robot/velodyne_description/launch/example-launch.py
[0.106s] -- Up-to-date symlink: /home/shesha/robot_ws/install/td3/share/td3/models/td_robot/velodyne_description/meshes/HDL32E_base.dae
[0.106s] -- Up-to-date symlink: /home/shesha/robot_ws/install/td3/share/td3/models/td_robot/velodyne_description/meshes/HDL32E_base.stl
[0.106s] -- Up-to-date symlink: /home/shesha/robot_ws/install/td3/share/td3/models/td_robot/velodyne_description/meshes/HDL32E_scan.dae
[0.107s] -- Up-to-date symlink: /home/shesha/robot_ws/install/td3/share/td3/models/td_robot/velodyne_description/meshes/HDL32E_scan.stl
[0.107s] -- Up-to-date symlink: /home/shesha/robot_ws/install/td3/share/td3/models/td_robot/velodyne_description/meshes/VLP16_base_1.dae
[0.107s] -- Up-to-date symlink: /home/shesha/robot_ws/install/td3/share/td3/models/td_robot/velodyne_description/meshes/VLP16_base_1.stl
[0.107s] -- Up-to-date symlink: /home/shesha/robot_ws/install/td3/share/td3/models/td_robot/velodyne_description/meshes/VLP16_base_2.dae
[0.107s] -- Up-to-date symlink: /home/shesha/robot_ws/install/td3/share/td3/models/td_robot/velodyne_description/meshes/VLP16_base_2.stl
[0.107s] -- Up-to-date symlink: /home/shesha/robot_ws/install/td3/share/td3/models/td_robot/velodyne_description/meshes/VLP16_scan.dae
[0.107s] -- Up-to-date symlink: /home/shesha/robot_ws/install/td3/share/td3/models/td_robot/velodyne_description/meshes/VLP16_scan.stl
[0.107s] -- Up-to-date symlink: /home/shesha/robot_ws/install/td3/share/td3/models/td_robot/velodyne_description/models/rs_robot/meshes/DAE/base/base_link.dae
[0.107s] -- Up-to-date symlink: /home/shesha/robot_ws/install/td3/share/td3/models/td_robot/velodyne_description/models/rs_robot/meshes/DAE/base/base_linkOLD.dae
[0.108s] -- Up-to-date symlink: /home/shesha/robot_ws/install/td3/share/td3/models/td_robot/velodyne_description/models/rs_robot/meshes/DAE/lidar_base/YDlidar_base.dae
[0.108s] -- Up-to-date symlink: /home/shesha/robot_ws/install/td3/share/td3/models/td_robot/velodyne_description/models/rs_robot/meshes/DAE/lidar_head/YDlidar_head.dae
[0.108s] -- Up-to-date symlink: /home/shesha/robot_ws/install/td3/share/td3/models/td_robot/velodyne_description/models/rs_robot/meshes/DAE/sensors/camera/camera.dae
[0.108s] -- Up-to-date symlink: /home/shesha/robot_ws/install/td3/share/td3/models/td_robot/velodyne_description/models/rs_robot/meshes/DAE/sensors/front_lrf/front_lrf.dae
[0.108s] -- Up-to-date symlink: /home/shesha/robot_ws/install/td3/share/td3/models/td_robot/velodyne_description/models/rs_robot/meshes/DAE/sensors/front_lrf/lrf_texture.png
[0.108s] -- Up-to-date symlink: /home/shesha/robot_ws/install/td3/share/td3/models/td_robot/velodyne_description/models/rs_robot/meshes/DAE/sensors/gim30/gim30.dae
[0.109s] -- Up-to-date symlink: /home/shesha/robot_ws/install/td3/share/td3/models/td_robot/velodyne_description/models/rs_robot/meshes/DAE/sensors/gim30/gim30_lrf_texture.png
[0.109s] -- Up-to-date symlink: /home/shesha/robot_ws/install/td3/share/td3/models/td_robot/velodyne_description/models/rs_robot/meshes/DAE/sensors/gps/gps.dae
[0.109s] -- Up-to-date symlink: /home/shesha/robot_ws/install/td3/share/td3/models/td_robot/velodyne_description/models/rs_robot/meshes/DAE/sensors/gps/gps_texture.png
[0.109s] -- Up-to-date symlink: /home/shesha/robot_ws/install/td3/share/td3/models/td_robot/velodyne_description/models/rs_robot/meshes/DAE/sensors/rear_lrf/rear_lrf.dae
[0.109s] -- Up-to-date symlink: /home/shesha/robot_ws/install/td3/share/td3/models/td_robot/velodyne_description/models/rs_robot/meshes/DAE/sensors/rear_lrf/urg_texture.png
[0.109s] -- Up-to-date symlink: /home/shesha/robot_ws/install/td3/share/td3/models/td_robot/velodyne_description/models/rs_robot/meshes/DAE/suspension/front_left_link.dae
[0.109s] -- Up-to-date symlink: /home/shesha/robot_ws/install/td3/share/td3/models/td_robot/velodyne_description/models/rs_robot/meshes/DAE/suspension/front_right_link.dae
[0.110s] -- Up-to-date symlink: /home/shesha/robot_ws/install/td3/share/td3/models/td_robot/velodyne_description/models/rs_robot/meshes/DAE/suspension/rear_left_link.dae
[0.110s] -- Up-to-date symlink: /home/shesha/robot_ws/install/td3/share/td3/models/td_robot/velodyne_description/models/rs_robot/meshes/DAE/suspension/rear_right_link.dae
[0.110s] -- Up-to-date symlink: /home/shesha/robot_ws/install/td3/share/td3/models/td_robot/velodyne_description/models/rs_robot/meshes/DAE/wheel/wheel_link.dae
[0.110s] -- Up-to-date symlink: /home/shesha/robot_ws/install/td3/share/td3/models/td_robot/velodyne_description/models/rs_robot/meshes/STL/base/base_link.stl
[0.110s] -- Up-to-date symlink: /home/shesha/robot_ws/install/td3/share/td3/models/td_robot/velodyne_description/models/rs_robot/meshes/STL/base/base_link_old.stl
[0.110s] -- Up-to-date symlink: /home/shesha/robot_ws/install/td3/share/td3/models/td_robot/velodyne_description/models/rs_robot/meshes/STL/lidar_base/YDlidar_base.stl
[0.110s] -- Up-to-date symlink: /home/shesha/robot_ws/install/td3/share/td3/models/td_robot/velodyne_description/models/rs_robot/meshes/STL/lidar_head/YDlidar_head v4.stl
[0.111s] -- Up-to-date symlink: /home/shesha/robot_ws/install/td3/share/td3/models/td_robot/velodyne_description/models/rs_robot/meshes/STL/sensors/front_lrf/front_lrf.stl
[0.111s] -- Up-to-date symlink: /home/shesha/robot_ws/install/td3/share/td3/models/td_robot/velodyne_description/models/rs_robot/meshes/STL/sensors/gim30/gim30.stl
[0.111s] -- Up-to-date symlink: /home/shesha/robot_ws/install/td3/share/td3/models/td_robot/velodyne_description/models/rs_robot/meshes/STL/sensors/gps/gps.stl
[0.111s] -- Up-to-date symlink: /home/shesha/robot_ws/install/td3/share/td3/models/td_robot/velodyne_description/models/rs_robot/meshes/STL/sensors/rear_lrf/rear_lrf.stl
[0.111s] -- Up-to-date symlink: /home/shesha/robot_ws/install/td3/share/td3/models/td_robot/velodyne_description/models/rs_robot/meshes/STL/suspension/FRONT_LEFT_LINKSTL.stl
[0.111s] -- Up-to-date symlink: /home/shesha/robot_ws/install/td3/share/td3/models/td_robot/velodyne_description/models/rs_robot/meshes/STL/suspension/FRONT_RIGHT_LINKSTL.stl
[0.111s] -- Up-to-date symlink: /home/shesha/robot_ws/install/td3/share/td3/models/td_robot/velodyne_description/models/rs_robot/meshes/STL/suspension/REAR_LEFT_LINKSTL.stl
[0.112s] -- Up-to-date symlink: /home/shesha/robot_ws/install/td3/share/td3/models/td_robot/velodyne_description/models/rs_robot/meshes/STL/suspension/REAR_RIGHT_LINKSTL.stl
[0.112s] -- Up-to-date symlink: /home/shesha/robot_ws/install/td3/share/td3/models/td_robot/velodyne_description/models/rs_robot/meshes/STL/suspension/sus_link.stl
[0.112s] -- Up-to-date symlink: /home/shesha/robot_ws/install/td3/share/td3/models/td_robot/velodyne_description/models/rs_robot/meshes/STL/wheel/robot_wheel.stl
[0.112s] -- Up-to-date symlink: /home/shesha/robot_ws/install/td3/share/td3/models/td_robot/velodyne_description/models/rs_robot/model.config
[0.112s] -- Up-to-date symlink: /home/shesha/robot_ws/install/td3/share/td3/models/td_robot/velodyne_description/models/rs_robot/rs_robot.sdf
[0.112s] -- Up-to-date symlink: /home/shesha/robot_ws/install/td3/share/td3/models/td_robot/velodyne_description/package.xml
[0.112s] -- Up-to-date symlink: /home/shesha/robot_ws/install/td3/share/td3/models/td_robot/velodyne_description/rviz/example.rviz
[0.112s] -- Up-to-date symlink: /home/shesha/robot_ws/install/td3/share/td3/models/td_robot/velodyne_description/urdf/HDL-32E.urdf.xacro
[0.113s] -- Up-to-date symlink: /home/shesha/robot_ws/install/td3/share/td3/models/td_robot/velodyne_description/urdf/VLP-16.urdf.xacro
[0.113s] -- Up-to-date symlink: /home/shesha/robot_ws/install/td3/share/td3/models/td_robot/velodyne_description/urdf/VLP-32C.urdf.xacro
[0.113s] -- Up-to-date symlink: /home/shesha/robot_ws/install/td3/share/td3/models/td_robot/velodyne_description/urdf/example.urdf.xacro
[0.113s] -- Up-to-date symlink: /home/shesha/robot_ws/install/td3/share/td3/models/td_robot/velodyne_description/world/example.world
[0.113s] -- Up-to-date symlink: /home/shesha/robot_ws/install/td3/share/td3/models/td_robot/velodyne_description/world/lio_sam.model
[0.113s] -- Up-to-date symlink: /home/shesha/robot_ws/install/td3/share/td3/urdf/meshes/laser/hokuyo.dae
[0.114s] -- Up-to-date symlink: /home/shesha/robot_ws/install/td3/share/td3/urdf/meshes/p3dx/Coordinates
[0.114s] -- Up-to-date symlink: /home/shesha/robot_ws/install/td3/share/td3/urdf/meshes/p3dx/back_rim.stl
[0.114s] -- Up-to-date symlink: /home/shesha/robot_ws/install/td3/share/td3/urdf/meshes/p3dx/back_sonar.stl
[0.114s] -- Up-to-date symlink: /home/shesha/robot_ws/install/td3/share/td3/urdf/meshes/p3dx/center_hubcap.stl
[0.114s] -- Up-to-date symlink: /home/shesha/robot_ws/install/td3/share/td3/urdf/meshes/p3dx/center_wheel.stl
[0.114s] -- Up-to-date symlink: /home/shesha/robot_ws/install/td3/share/td3/urdf/meshes/p3dx/chassis.stl
[0.114s] -- Up-to-date symlink: /home/shesha/robot_ws/install/td3/share/td3/urdf/meshes/p3dx/front_rim.stl
[0.114s] -- Up-to-date symlink: /home/shesha/robot_ws/install/td3/share/td3/urdf/meshes/p3dx/front_sonar.stl
[0.114s] -- Up-to-date symlink: /home/shesha/robot_ws/install/td3/share/td3/urdf/meshes/p3dx/left_hubcap.stl
[0.114s] -- Up-to-date symlink: /home/shesha/robot_ws/install/td3/share/td3/urdf/meshes/p3dx/left_wheel.stl
[0.115s] -- Up-to-date symlink: /home/shesha/robot_ws/install/td3/share/td3/urdf/meshes/p3dx/right_hubcap.stl
[0.115s] -- Up-to-date symlink: /home/shesha/robot_ws/install/td3/share/td3/urdf/meshes/p3dx/right_wheel.stl
[0.115s] -- Up-to-date symlink: /home/shesha/robot_ws/install/td3/share/td3/urdf/meshes/p3dx/swivel.stl
[0.115s] -- Up-to-date symlink: /home/shesha/robot_ws/install/td3/share/td3/urdf/meshes/p3dx/top.stl
[0.115s] -- Up-to-date symlink: /home/shesha/robot_ws/install/td3/share/td3/urdf/td_robot.urdf
[0.115s] -- Up-to-date symlink: /home/shesha/robot_ws/install/td3/share/td3/worlds/td3.world
[0.115s] -- Up-to-date symlink: /home/shesha/robot_ws/install/td3/share/ament_index/resource_index/package_run_dependencies/td3
[0.116s] -- Up-to-date symlink: /home/shesha/robot_ws/install/td3/share/ament_index/resource_index/parent_prefix_path/td3
[0.116s] -- Up-to-date symlink: /home/shesha/robot_ws/install/td3/share/td3/environment/ament_prefix_path.sh
[0.116s] -- Up-to-date symlink: /home/shesha/robot_ws/install/td3/share/td3/environment/ament_prefix_path.dsv
[0.116s] -- Up-to-date symlink: /home/shesha/robot_ws/install/td3/share/td3/environment/path.sh
[0.116s] -- Up-to-date symlink: /home/shesha/robot_ws/install/td3/share/td3/environment/path.dsv
[0.116s] -- Up-to-date symlink: /home/shesha/robot_ws/install/td3/share/td3/local_setup.bash
[0.116s] -- Up-to-date symlink: /home/shesha/robot_ws/install/td3/share/td3/local_setup.sh
[0.116s] -- Up-to-date symlink: /home/shesha/robot_ws/install/td3/share/td3/local_setup.zsh
[0.117s] -- Up-to-date symlink: /home/shesha/robot_ws/install/td3/share/td3/local_setup.dsv
[0.117s] -- Symlinking: /home/shesha/robot_ws/install/td3/share/td3/package.dsv
[0.126s] -- Up-to-date symlink: /home/shesha/robot_ws/install/td3/share/ament_index/resource_index/packages/td3
[0.127s] -- Up-to-date symlink: /home/shesha/robot_ws/install/td3/share/td3/cmake/td3Config.cmake
[0.127s] -- Up-to-date symlink: /home/shesha/robot_ws/install/td3/share/td3/cmake/td3Config-version.cmake
[0.127s] -- Up-to-date symlink: /home/shesha/robot_ws/install/td3/share/td3/package.xml
[0.130s] Invoked command in '/home/shesha/robot_ws/build/td3' returned '0': CMAKE_PREFIX_PATH=${CMAKE_PREFIX_PATH}:/opt/ros/humble /usr/bin/cmake --install /home/shesha/robot_ws/build/td3
